0 info it worked if it ends with ok
1 verbose cli [ 'node', '/Users/aaronmartone/.node/bin/npm', 'start' ]
2 info using npm@2.8.4
3 info using node@v0.12.2
4 verbose run-script [ 'prestart', 'start', 'poststart' ]
5 info prestart basic_http_server@0.1.0
6 info start basic_http_server@0.1.0
7 verbose unsafe-perm in lifecycle true
8 info basic_http_server@0.1.0 Failed to exec start script
9 verbose stack Error: basic_http_server@0.1.0 start: `node server`
9 verbose stack Exit status 1
9 verbose stack     at EventEmitter.<anonymous> (/Users/aaronmartone/.node/lib/node_modules/npm/lib/utils/lifecycle.js:213:16)
9 verbose stack     at EventEmitter.emit (events.js:110:17)
9 verbose stack     at ChildProcess.<anonymous> (/Users/aaronmartone/.node/lib/node_modules/npm/lib/utils/spawn.js:24:14)
9 verbose stack     at ChildProcess.emit (events.js:110:17)
9 verbose stack     at maybeClose (child_process.js:1015:16)
9 verbose stack     at Process.ChildProcess._handle.onexit (child_process.js:1087:5)
10 verbose pkgid basic_http_server@0.1.0
11 verbose cwd /Users/aaronmartone/Server/web/com.aaronmartone.cf/sea_d37/may_04/simple_server
12 error Darwin 14.3.0
13 error argv "node" "/Users/aaronmartone/.node/bin/npm" "start"
14 error node v0.12.2
15 error npm  v2.8.4
16 error code ELIFECYCLE
17 error basic_http_server@0.1.0 start: `node server`
17 error Exit status 1
18 error Failed at the basic_http_server@0.1.0 start script 'node server'.
18 error This is most likely a problem with the basic_http_server package,
18 error not with npm itself.
18 error Tell the author that this fails on your system:
18 error     node server
18 error You can get their info via:
18 error     npm owner ls basic_http_server
18 error There is likely additional logging output above.
19 verbose exit [ 1, true ]
